Release 14.7 Map P.20131013 (nt64)
Xilinx Mapping Report File for Design 'main'

Design Information
------------------
Command Line   : map -intstyle ise -p xc6slx45-fgg676-3 -w -logic_opt off -ol
high -t 1 -xt 0 -register_duplication off -r 4 -global_opt off -mt off -ir off
-pr off -lc off -power off -o main_map.ncd main.ngd main.pcf 
Target Device  : xc6slx45
Target Package : fgg676
Target Speed   : -3
Mapper Version : spartan6 -- $Revision: 1.55 $
Mapped Date    : Fri Nov 27 22:51:17 2015

Design Summary
--------------
Number of errors:      0
Number of warnings:    4
Slice Logic Utilization:
  Number of Slice Registers:                   292 out of  54,576    1%
    Number used as Flip Flops:                 276
    Number used as Latches:                     16
    Number used as Latch-thrus:                  0
    Number used as AND/OR logics:                0
  Number of Slice LUTs:                        354 out of  27,288    1%
    Number used as logic:                      289 out of  27,288    1%
      Number using O6 output only:             151
      Number using O5 output only:              38
      Number using O5 and O6:                  100
      Number used as ROM:                        0
    Number used as Memory:                      56 out of   6,408    1%
      Number used as Dual Port RAM:              8
        Number using O6 output only:             0
        Number using O5 output only:             0
        Number using O5 and O6:                  8
      Number used as Single Port RAM:           40
        Number using O6 output only:            32
        Number using O5 output only:             0
        Number using O5 and O6:                  8
      Number used as Shift Register:             8
        Number using O6 output only:             0
        Number using O5 output only:             0
        Number using O5 and O6:                  8
    Number used exclusively as route-thrus:      9
      Number with same-slice register load:      5
      Number with same-slice carry load:         4
      Number with other load:                    0

Slice Logic Distribution:
  Number of occupied Slices:                   130 out of   6,822    1%
  Number of MUXCYs used:                        88 out of  13,644    1%
  Number of LUT Flip Flop pairs used:          397
    Number with an unused Flip Flop:           155 out of     397   39%
    Number with an unused LUT:                  43 out of     397   10%
    Number of fully used LUT-FF pairs:         199 out of     397   50%
    Number of unique control sets:              34
    Number of slice register sites lost
      to control set restrictions:              92 out of  54,576    1%

  A LUT Flip Flop pair for this architecture represents one LUT paired with
  one Flip Flop within a slice.  A control set is a unique combination of
  clock, reset, set, and enable signals for a registered element.
  The Slice Logic Distribution report is not meaningful if the design is
  over-mapped for a non-slice resource or if Placement fails.

IO Utilization:
  Number of bonded IOBs:                        74 out of     358   20%
    Number of LOCed IOBs:                       68 out of      74   91%

Specific Feature Utilization:
  Number of RAMB16BWERs:                         1 out of     116    1%
  Number of RAMB8BWERs:                          0 out of     232    0%
  Number of BUFIO2/BUFIO2_2CLKs:                 0 out of      32    0%
  Number of BUFIO2FB/BUFIO2FB_2CLKs:             0 out of      32    0%
  Number of BUFG/BUFGMUXs:                       4 out of      16   25%
    Number used as BUFGs:                        4
    Number used as BUFGMUX:                      0
  Number of DCM/DCM_CLKGENs:                     0 out of       8    0%
  Number of ILOGIC2/ISERDES2s:                   0 out of     376    0%
  Number of IODELAY2/IODRP2/IODRP2_MCBs:         0 out of     376    0%
  Number of OLOGIC2/OSERDES2s:                   0 out of     376    0%
  Number of BSCANs:                              1 out of       4   25%
  Number of BUFHs:                               0 out of     256    0%
  Number of BUFPLLs:                             0 out of       8    0%
  Number of BUFPLL_MCBs:                         0 out of       4    0%
  Number of DSP48A1s:                            0 out of      58    0%
  Number of ICAPs:                               0 out of       1    0%
  Number of MCBs:                                0 out of       2    0%
  Number of PCILOGICSEs:                         0 out of       2    0%
  Number of PLL_ADVs:                            0 out of       4    0%
  Number of PMVs:                                0 out of       1    0%
  Number of STARTUPs:                            0 out of       1    0%
  Number of SUSPEND_SYNCs:                       0 out of       1    0%

Average Fanout of Non-Clock Nets:                3.65

Peak Memory Usage:  502 MB
Total REAL time to MAP completion:  42 secs 
Total CPU time to MAP completion:   41 secs 

Table of Contents
-----------------
Section 1 - Errors
Section 2 - Warnings
Section 3 - Informational
Section 4 - Removed Logic Summary
Section 5 - Removed Logic
Section 6 - IOB Properties
Section 7 - RPMs
Section 8 - Guide Report
Section 9 - Area Group and Partition Summary
Section 10 - Timing Report
Section 11 - Configuration String Information
Section 12 - Control Set Information
Section 13 - Utilization by Hierarchy

Section 1 - Errors
------------------

Section 2 - Warnings
--------------------
WARNING:Place:837 - Partially locked IO Bus is found. 
    Following components of the bus are not locked: 
   	 Comp: led<7>
   	 Comp: led<6>
   	 Comp: led<5>
   	 Comp: led<4>
   	 Comp: led<3>
   	 Comp: led<2>

WARNING:Place:1109 - A clock IOB / BUFGMUX clock component pair have been found
   that are not placed at an optimal clock IOB / BUFGMUX site pair. The clock
   IOB component <ENET_MDC> is placed at site <U15>. The corresponding BUFG
   component <Ethernet_Lite_MDC_OBUF_BUFG> is placed at site <BUFGMUX_X3Y5>.
   There is only a select set of IOBs that can use the fast path to the Clocker
   buffer, and they are not being used. You may want to analyze why this problem
   exists and correct it. This is normally an ERROR but the
   CLOCK_DEDICATED_ROUTE constraint was applied on COMP.PIN <ENET_MDC.PAD>
   allowing your design to continue. This constraint disables all clock placer
   rules related to the specified COMP.PIN. The use of this override is highly
   discouraged as it may lead to very poor timing results. It is recommended
   that this error condition be corrected in the design.
WARNING:PhysDesignRules:372 - Gated clock. Clock net write_to_uart_tx is sourced
   by a combinatorial pin. This is not good design practice. Use the CE pin to
   control the loading of data into the flip-flop.
WARNING:PhysDesignRules:372 - Gated clock. Clock net
   write_strobe_port_id[2]_AND_19_o is sourced by a combinatorial pin. This is
   not good design practice. Use the CE pin to control the loading of data into
   the flip-flop.

Section 3 - Informational
-------------------------
INFO:LIT:243 - Logical network dip_switch<5>_IBUF has no load.
INFO:LIT:395 - The above info message is repeated 9 more times for the following
   (max. 5 shown):
   dip_switch<4>_IBUF,
   dip_switch<3>_IBUF,
   dip_switch<2>_IBUF,
   dip_switch<1>_IBUF,
   dip_switch<0>_IBUF
   To see the details of these info messages, please use the -detail switch.
INFO:MapLib:562 - No environment variables are currently set.
INFO:LIT:244 - All of the single ended outputs in this design are using slew
   rate limited output drivers. The delay on speed critical single ended outputs
   can be dramatically reduced by designating them as fast outputs.
INFO:Pack:1716 - Initializing temperature to 85.000 Celsius. (default - Range:
   0.000 to 85.000 Celsius)
INFO:Pack:1720 - Initializing voltage to 1.140 Volts. (default - Range: 1.140 to
   1.260 Volts)
INFO:Map:215 - The Interim Design Summary has been generated in the MAP Report
   (.mrp).
INFO:Place:834 - Only a subset of IOs are locked. Out of 74 IOs, 68 are locked
   and 6 are not locked. If you would like to print the names of these IOs,
   please set the environment variable XIL_PAR_DESIGN_CHECK_VERBOSE to 1. 
INFO:Pack:1650 - Map created a placed design.

Section 4 - Removed Logic Summary
---------------------------------
   2 block(s) optimized away

Section 5 - Removed Logic
-------------------------

Optimized Block(s):
TYPE 		BLOCK
GND 		XST_GND
VCC 		XST_VCC

To enable printing of redundant blocks removed and signals merged, set the
detailed map report option and rerun map.

Section 6 - IOB Properties
--------------------------

+---------------------------------------------------------------------------------------------------------------------------------------------------------+
| IOB Name                           | Type             | Direction | IO Standard          | Diff  | Drive    | Slew | Reg (s)      | Resistor | IOB      |
|                                    |                  |           |                      | Term  | Strength | Rate |              |          | Delay    |
+---------------------------------------------------------------------------------------------------------------------------------------------------------+
| ENET_CRS                           | IOB              | OUTPUT    | LVCMOS25             |       | 12       | SLOW |              |          |          |
| ENET_MDC                           | IOB              | INPUT     | LVCMOS25             |       |          |      |              |          |          |
| ENET_MDIO                          | IOB              | INPUT     | LVCMOS25             |       |          |      |              |          |          |
| ENET_REF_CLK                       | IOB              | OUTPUT    | LVCMOS25             |       | 12       | SLOW |              |          |          |
| ENET_RXD<0>                        | IOB              | OUTPUT    | LVCMOS25             |       | 12       | SLOW |              |          |          |
| ENET_RXD<1>                        | IOB              | OUTPUT    | LVCMOS25             |       | 12       | SLOW |              |          |          |
| ENET_RX_ER                         | IOB              | OUTPUT    | LVCMOS25             |       | 12       | SLOW |              |          |          |
| ENET_TXD<0>                        | IOB              | INPUT     | LVCMOS25             |       |          |      |              |          |          |
| ENET_TXD<1>                        | IOB              | INPUT     | LVCMOS25             |       |          |      |              |          |          |
| ENET_TX_EN                         | IOB              | INPUT     | LVCMOS25             |       |          |      |              |          |          |
| Ethernet_Lite_COL                  | IOB              | INPUT     | LVCMOS33             |       |          |      |              |          |          |
| Ethernet_Lite_CRS                  | IOB              | INPUT     | LVCMOS33             |       |          |      |              |          |          |
| Ethernet_Lite_MDC                  | IOB              | OUTPUT    | LVCMOS25             |       | 12       | SLOW |              |          |          |
| Ethernet_Lite_MDIO                 | IOB              | BIDIR     | LVCMOS25             |       | 12       | SLOW |              |          |          |
| Ethernet_Lite_PHY_RST_N            | IOB              | OUTPUT    | LVCMOS25             |       | 12       | SLOW |              |          |          |
| Ethernet_Lite_RXD<0>               | IOB              | INPUT     | LVCMOS33             |       |          |      |              |          |          |
| Ethernet_Lite_RXD<1>               | IOB              | INPUT     | LVCMOS33             |       |          |      |              |          |          |
| Ethernet_Lite_RXD<2>               | IOB              | INPUT     | LVCMOS33             |       |          |      |              |          |          |
| Ethernet_Lite_RXD<3>               | IOB              | INPUT     | LVCMOS33             |       |          |      |              |          |          |
| Ethernet_Lite_RX_CLK               | IOB              | INPUT     | LVCMOS33             |       |          |      |              |          |          |
| Ethernet_Lite_RX_DV                | IOB              | INPUT     | LVCMOS33             |       |          |      |              |          |          |
| Ethernet_Lite_RX_ER                | IOB              | INPUT     | LVCMOS33             |       |          |      |              |          |          |
| Ethernet_Lite_TXD<0>               | IOB              | OUTPUT    | LVCMOS25             |       | 12       | SLOW |              |          |          |
| Ethernet_Lite_TXD<1>               | IOB              | OUTPUT    | LVCMOS25             |       | 12       | SLOW |              |          |          |
| Ethernet_Lite_TXD<2>               | IOB              | OUTPUT    | LVCMOS25             |       | 12       | SLOW |              |          |          |
| Ethernet_Lite_TXD<3>               | IOB              | OUTPUT    | LVCMOS25             |       | 12       | SLOW |              |          |          |
| Ethernet_Lite_TX_CLK               | IOB              | INPUT     | LVCMOS33             |       |          |      |              |          |          |
| Ethernet_Lite_TX_EN                | IOB              | OUTPUT    | LVCMOS25             |       | 12       | SLOW |              |          |          |
| FPGA_LPC_EMAC_synch_1              | IOB              | OUTPUT    | LVCMOS25             |       | 12       | SLOW |              |          |          |
| FPGA_LPC_EMAC_synch_2              | IOB              | OUTPUT    | LVCMOS25             |       | 12       | SLOW |              |          |          |
| IR                                 | IOB              | INPUT     | LVCMOS25             |       |          |      |              |          |          |
| LCD_Pico_to_LPC_D_V                | IOB              | OUTPUT    | LVCMOS25             |       | 12       | SLOW |              |          |          |
| LCD_Pico_to_LPC_Ready_Receive      | IOB              | OUTPUT    | LVCMOS25             |       | 12       | SLOW |              |          |          |
| LPC_Pico_Data_IN<0>                | IOB              | INPUT     | LVCMOS25             |       |          |      |              |          |          |
| LPC_Pico_Data_IN<1>                | IOB              | INPUT     | LVCMOS25             |       |          |      |              |          |          |
| LPC_Pico_Data_IN<2>                | IOB              | INPUT     | LVCMOS25             |       |          |      |              |          |          |
| LPC_Pico_Data_IN<3>                | IOB              | INPUT     | LVCMOS25             |       |          |      |              |          |          |
| LPC_Pico_Data_OUT<0>               | IOB              | OUTPUT    | LVCMOS25             |       | 12       | SLOW |              |          |          |
| LPC_Pico_Data_OUT<1>               | IOB              | OUTPUT    | LVCMOS25             |       | 12       | SLOW |              |          |          |
| LPC_Pico_Data_OUT<2>               | IOB              | OUTPUT    | LVCMOS25             |       | 12       | SLOW |              |          |          |
| LPC_Pico_Data_OUT<3>               | IOB              | OUTPUT    | LVCMOS25             |       | 12       | SLOW |              |          |          |
| LPC_Pico_Data_OUT<4>               | IOB              | OUTPUT    | LVCMOS25             |       | 12       | SLOW |              |          |          |
| LPC_Pico_Data_OUT<5>               | IOB              | OUTPUT    | LVCMOS25             |       | 12       | SLOW |              |          |          |
| LPC_Pico_Data_OUT<6>               | IOB              | OUTPUT    | LVCMOS25             |       | 12       | SLOW |              |          |          |
| LPC_Pico_Data_OUT<7>               | IOB              | OUTPUT    | LVCMOS25             |       | 12       | SLOW |              |          |          |
| LPC_to_LCD_Pico_D_V                | IOB              | INPUT     | LVCMOS25             |       |          |      |              |          |          |
| LPC_to_LCD_Pico_Ready_Receive      | IOB              | INPUT     | LVCMOS25             |       |          |      |              |          |          |
| LPCreq9                            | IOB              | INPUT     | LVCMOS25             |       |          |      |              |          |          |
| LPCreq10                           | IOB              | INPUT     | LVCMOS25             |       |          |      |              |          |          |
| clk                                | IOB              | INPUT     | LVCMOS25             |       |          |      |              |          |          |
| dip_switch<0>                      | IOB              | INPUT     | LVCMOS25             |       |          |      |              |          |          |
| dip_switch<1>                      | IOB              | INPUT     | LVCMOS25             |       |          |      |              |          |          |
| dip_switch<2>                      | IOB              | INPUT     | LVCMOS25             |       |          |      |              |          |          |
| dip_switch<3>                      | IOB              | INPUT     | LVCMOS25             |       |          |      |              |          |          |
| dip_switch<4>                      | IOB              | INPUT     | LVCMOS25             |       |          |      |              |          |          |
| dip_switch<5>                      | IOB              | INPUT     | LVCMOS25             |       |          |      |              |          |          |
| led<0>                             | IOB              | OUTPUT    | LVCMOS25             |       | 12       | SLOW |              |          |          |
| led<1>                             | IOB              | OUTPUT    | LVCMOS25             |       | 12       | SLOW |              |          |          |
| led<2>                             | IOB              | OUTPUT    | LVCMOS25             |       | 12       | SLOW |              |          |          |
| led<3>                             | IOB              | OUTPUT    | LVCMOS25             |       | 12       | SLOW |              |          |          |
| led<4>                             | IOB              | OUTPUT    | LVCMOS25             |       | 12       | SLOW |              |          |          |
| led<5>                             | IOB              | OUTPUT    | LVCMOS25             |       | 12       | SLOW |              |          |          |
| led<6>                             | IOB              | OUTPUT    | LVCMOS25             |       | 12       | SLOW |              |          |          |
| led<7>                             | IOB              | OUTPUT    | LVCMOS25             |       | 12       | SLOW |              |          |          |
| oLCD_DAT_OPV<0>                    | IOB              | OUTPUT    | LVCMOS25             |       | 12       | SLOW |              |          |          |
| oLCD_DAT_OPV<1>                    | IOB              | OUTPUT    | LVCMOS25             |       | 12       | SLOW |              |          |          |
| oLCD_DAT_OPV<2>                    | IOB              | OUTPUT    | LVCMOS25             |       | 12       | SLOW |              |          |          |
| oLCD_DAT_OPV<3>                    | IOB              | OUTPUT    | LVCMOS25             |       | 12       | SLOW |              |          |          |
| oLCD_EN_OPV                        | IOB              | OUTPUT    | LVCMOS25             |       | 12       | SLOW |              |          |          |
| oLCD_RW_OPV                        | IOB              | OUTPUT    | LVCMOS25             |       | 12       | SLOW |              |          |          |
| oLCD_SEL_OPV                       | IOB              | OUTPUT    | LVCMOS25             |       | 12       | SLOW |              |          |          |
| reset                              | IOB              | INPUT     | LVCMOS25             |       |          |      |              |          |          |
| uart_rx                            | IOB              | INPUT     | LVCMOS25             |       |          |      |              |          |          |
| uart_tx                            | IOB              | OUTPUT    | LVCMOS25             |       | 12       | SLOW |              |          |          |
+---------------------------------------------------------------------------------------------------------------------------------------------------------+

Section 7 - RPMs
----------------

Section 8 - Guide Report
------------------------
Guide not run on this design.

Section 9 - Area Group and Partition Summary
--------------------------------------------

Partition Implementation Status
-------------------------------

  No Partitions were found in this design.

-------------------------------

Area Group Information
----------------------

  No area groups were found in this design.

----------------------

Section 10 - Timing Report
--------------------------
A logic-level (pre-route) timing report can be generated by using Xilinx static
timing analysis tools, Timing Analyzer (GUI) or TRCE (command line), with the
mapped NCD and PCF files. Please note that this timing report will be generated
using estimated delay information. For accurate numbers, please generate a
timing report with the post Place and Route NCD file.

For more information about the Timing Analyzer, consult the Xilinx Timing
Analyzer Reference Manual; for more information about TRCE, consult the Xilinx
Command Line Tools User Guide "TRACE" chapter.

Section 11 - Configuration String Details
-----------------------------------------
Use the "-detail" map option to print out Configuration Strings

Section 12 - Control Set Information
------------------------------------
Use the "-detail" map option to print out Control Set Information.

Section 13 - Utilization by Hierarchy
-------------------------------------
Use the "-detail" map option to print out the Utilization by Hierarchy section.
